<!DOCTYPE html PUBLIC "-//W3C//DTD XHTML 1.1//EN" "http://www.w3.org/TR/xhtml11/DTD/xhtml11.dtd">
<html xmlns="http://www.w3.org/1999/xhtml">
<head>
<meta http-equiv="content-type" content="text/html; charset=UTF-8"/>
<title>TestNG Report</title>
<style type="text/css">table {margin-bottom:10px;border-collapse:collapse;empty-cells:show}th,td {border:1px solid #009;padding:.25em .5em}th {vertical-align:bottom}td {vertical-align:top}table a {font-weight:bold}.stripe td {background-color: #E6EBF9}.num {text-align:right}.passedodd td {background-color: #3F3}.passedeven td {background-color: #0A0}.skippedodd td {background-color: #DDD}.skippedeven td {background-color: #CCC}.failedodd td,.attn {background-color: #F33}.failedeven td,.stripe .attn {background-color: #D00}.stacktrace {white-space:pre;font-family:monospace}.totop {font-size:85%;text-align:center;border-bottom:2px solid #000}.invisible {display:none}</style>
</head>
<body>
<table>
<tr><th>Test</th><th># Passed</th><th># Skipped</th><th># Failed</th><th>Time (ms)</th><th>Included Groups</th><th>Excluded Groups</th></tr>
<tr><th colspan="7">Framework</th></tr>
<tr><td><a href="#t0">DataDriven</a></td><td class="num">1</td><td class="num">0</td><td class="num">0</td><td class="num">69,430</td><td></td><td></td></tr>
<tr class="stripe"><td><a href="#t1">Keyword</a></td><td class="num">0</td><td class="num attn">1</td><td class="num">0</td><td class="num">32,267</td><td></td><td></td></tr>
<tr><td><a href="#t2">Hybrid</a></td><td class="num">0</td><td class="num attn">1</td><td class="num">0</td><td class="num">2,626</td><td></td><td></td></tr>
<tr><th>Total</th><th class="num">1</th><th class="num attn">2</th><th class="num">0</th><th class="num">104,323</th><th colspan="2"></th></tr>
</table>
<table id='summary'><thead><tr><th>Class</th><th>Method</th><th>Start</th><th>Time (ms)</th></tr></thead><tbody><tr><th colspan="4">Framework</th></tr></tbody><tbody id="t0"><tr><th colspan="4">DataDriven &#8212; passed</th></tr><tr class="passedeven"><td rowspan="1">driverFactory.DataDrivenDriverScript</td><td><a href="#m0">verifyLogin</a></td><td rowspan="1">1621953852376</td><td rowspan="1">66407</td></tr></tbody>
<tbody id="t1"><tr><th colspan="4">Keyword &#8212; failed (configuration methods)</th></tr><tr class="failedeven"><td rowspan="1">driverFactory.KeyWordDriverScript</td><td><a href="#m1">setUp</a></td><td rowspan="1">1621953918926</td><td rowspan="1">32264</td></tr><tr><th colspan="4">Keyword &#8212; skipped (configuration methods)</th></tr><tr class="skippedeven"><td rowspan="1">driverFactory.KeyWordDriverScript</td><td><a href="#m2">tearDown</a></td><td rowspan="1">1621953951192</td><td rowspan="1">0</td></tr><tr><th colspan="4">Keyword &#8212; skipped</th></tr><tr class="skippedeven"><td rowspan="1">driverFactory.KeyWordDriverScript</td><td><a href="#m3">startTest</a></td><td rowspan="1">1621953951191</td><td rowspan="1">0</td></tr></tbody>
<tbody id="t2"><tr><th colspan="4">Hybrid &#8212; failed (configuration methods)</th></tr><tr class="failedeven"><td rowspan="1">driverFactory.HybridDriverScript</td><td><a href="#m4">setUp</a></td><td rowspan="1">1621953951213</td><td rowspan="1">2625</td></tr><tr><th colspan="4">Hybrid &#8212; skipped (configuration methods)</th></tr><tr class="skippedeven"><td rowspan="1">driverFactory.HybridDriverScript</td><td><a href="#m5">tearDown</a></td><td rowspan="1">1621953953838</td><td rowspan="1">0</td></tr><tr><th colspan="4">Hybrid &#8212; skipped</th></tr><tr class="skippedeven"><td rowspan="1">driverFactory.HybridDriverScript</td><td><a href="#m6">startTest</a></td><td rowspan="1">1621953953838</td><td rowspan="1">0</td></tr></tbody>
</table>
<h2>DataDriven</h2><h3 id="m0">driverFactory.DataDrivenDriverScript#verifyLogin</h3><table class="result"><tr><th>Messages</th></tr><tr><td><div class="messages">No of rows::7  No of cells ::4<br/>Login Success::dashboard    http://orangehrm.qedgetech.com/symfony/web/index.php/dashboard<br/>Invalid credentials   dashboard    http://orangehrm.qedgetech.com/symfony/web/index.php/auth/validateCredentials<br/>Invalid credentials   dashboard    http://orangehrm.qedgetech.com/symfony/web/index.php/auth/validateCredentials<br/>Username cannot be empty   dashboard    http://orangehrm.qedgetech.com/symfony/web/index.php/auth/login<br/>Password cannot be empty   dashboard    http://orangehrm.qedgetech.com/symfony/web/index.php/auth/login<br/>Username cannot be empty   dashboard    http://orangehrm.qedgetech.com/symfony/web/index.php/auth/login<br/>Login Success::dashboard    http://orangehrm.qedgetech.com/symfony/web/index.php/dashboard</div></td></tr></table><p class="totop"><a href="#summary">back to summary</a></p>
<h2>Keyword</h2><h3 id="m1">driverFactory.KeyWordDriverScript#setUp</h3><table class="result"><tr><th>Exception</th></tr><tr><td><div class="stacktrace">org.openqa.selenium.UnhandledAlertException: unexpected alert open: {Alert text : Connction failed try again}
  (Session info: chrome=90.0.4430.212): Connction failed try again
Build info: version: &apos;3.14.0&apos;, revision: &apos;aacccce0&apos;, time: &apos;2018-08-02T20:13:22.693Z&apos;
System info: host: &apos;DESKTOP-0TKTKJR&apos;, ip: &apos;192.168.1.3&apos;, os.name: &apos;Windows 10&apos;, os.arch: &apos;amd64&apos;, os.version: &apos;10.0&apos;, java.version: &apos;1.8.0_121&apos;
Driver info: org.openqa.selenium.chrome.ChromeDriver
Capabilities {acceptInsecureCerts: false, browserName: chrome, browserVersion: 90.0.4430.212, chrome: {chromedriverVersion: 90.0.4430.24 (4c6d850f087da..., userDataDir: C:\Users\SRIKRI~1\AppData\L...}, goog:chromeOptions: {debuggerAddress: localhost:54206}, javascriptEnabled: true, networkConnectionEnabled: false, pageLoadStrategy: normal, platform: WINDOWS, platformName: WINDOWS, proxy: Proxy(), setWindowRect: true, strictFileInteractability: false, timeouts: {implicit: 0, pageLoad: 300000, script: 30000}, unhandledPromptBehavior: dismiss and notify, webauthn:extension:largeBlob: true, webauthn:virtualAuthenticators: true}
Session ID: e689c134d008bbdd119a14d07f876424
	at org.openqa.selenium.remote.http.W3CHttpResponseCodec.decode(W3CHttpResponseCodec.java:120)
	at org.openqa.selenium.remote.http.W3CHttpResponseCodec.decode(W3CHttpResponseCodec.java:49)
	at org.openqa.selenium.remote.HttpCommandExecutor.execute(HttpCommandExecutor.java:158)
	at org.openqa.selenium.remote.service.DriverCommandExecutor.execute(DriverCommandExecutor.java:83)
	at org.openqa.selenium.remote.RemoteWebDriver.execute(RemoteWebDriver.java:548)
	at org.openqa.selenium.remote.RemoteWebDriver.execute(RemoteWebDriver.java:605)
	at org.openqa.selenium.remote.RemoteWebDriver$RemoteWebDriverOptions$RemoteWindow.maximize(RemoteWebDriver.java:833)
	at constant.PBConstant.setUp(PBConstant.java:25)
... Removed 27 stack frames</div></td></tr></table><p class="totop"><a href="#summary">back to summary</a></p>
<h3 id="m2">driverFactory.KeyWordDriverScript#tearDown</h3><table class="result"><tr><th class="invisible"/></tr></table><p class="totop"><a href="#summary">back to summary</a></p>
<h3 id="m3">driverFactory.KeyWordDriverScript#startTest</h3><table class="result"><tr><th>Exception</th></tr><tr><td><div class="stacktrace">org.openqa.selenium.UnhandledAlertException: unexpected alert open: {Alert text : Connction failed try again}
  (Session info: chrome=90.0.4430.212): Connction failed try again
Build info: version: &apos;3.14.0&apos;, revision: &apos;aacccce0&apos;, time: &apos;2018-08-02T20:13:22.693Z&apos;
System info: host: &apos;DESKTOP-0TKTKJR&apos;, ip: &apos;192.168.1.3&apos;, os.name: &apos;Windows 10&apos;, os.arch: &apos;amd64&apos;, os.version: &apos;10.0&apos;, java.version: &apos;1.8.0_121&apos;
Driver info: org.openqa.selenium.chrome.ChromeDriver
Capabilities {acceptInsecureCerts: false, browserName: chrome, browserVersion: 90.0.4430.212, chrome: {chromedriverVersion: 90.0.4430.24 (4c6d850f087da..., userDataDir: C:\Users\SRIKRI~1\AppData\L...}, goog:chromeOptions: {debuggerAddress: localhost:54206}, javascriptEnabled: true, networkConnectionEnabled: false, pageLoadStrategy: normal, platform: WINDOWS, platformName: WINDOWS, proxy: Proxy(), setWindowRect: true, strictFileInteractability: false, timeouts: {implicit: 0, pageLoad: 300000, script: 30000}, unhandledPromptBehavior: dismiss and notify, webauthn:extension:largeBlob: true, webauthn:virtualAuthenticators: true}
Session ID: e689c134d008bbdd119a14d07f876424
	at org.openqa.selenium.remote.http.W3CHttpResponseCodec.decode(W3CHttpResponseCodec.java:120)
	at org.openqa.selenium.remote.http.W3CHttpResponseCodec.decode(W3CHttpResponseCodec.java:49)
	at org.openqa.selenium.remote.HttpCommandExecutor.execute(HttpCommandExecutor.java:158)
	at org.openqa.selenium.remote.service.DriverCommandExecutor.execute(DriverCommandExecutor.java:83)
	at org.openqa.selenium.remote.RemoteWebDriver.execute(RemoteWebDriver.java:548)
	at org.openqa.selenium.remote.RemoteWebDriver.execute(RemoteWebDriver.java:605)
	at org.openqa.selenium.remote.RemoteWebDriver$RemoteWebDriverOptions$RemoteWindow.maximize(RemoteWebDriver.java:833)
	at constant.PBConstant.setUp(PBConstant.java:25)
... Removed 27 stack frames</div></td></tr></table><p class="totop"><a href="#summary">back to summary</a></p>
<h2>Hybrid</h2><h3 id="m4">driverFactory.HybridDriverScript#setUp</h3><table class="result"><tr><th>Exception</th></tr><tr><td><div class="stacktrace">org.openqa.selenium.UnhandledAlertException: unexpected alert open: {Alert text : Connction failed try again}
  (Session info: chrome=90.0.4430.212): Connction failed try again
Build info: version: &apos;3.14.0&apos;, revision: &apos;aacccce0&apos;, time: &apos;2018-08-02T20:13:22.693Z&apos;
System info: host: &apos;DESKTOP-0TKTKJR&apos;, ip: &apos;192.168.1.3&apos;, os.name: &apos;Windows 10&apos;, os.arch: &apos;amd64&apos;, os.version: &apos;10.0&apos;, java.version: &apos;1.8.0_121&apos;
Driver info: org.openqa.selenium.chrome.ChromeDriver
Capabilities {acceptInsecureCerts: false, browserName: chrome, browserVersion: 90.0.4430.212, chrome: {chromedriverVersion: 90.0.4430.24 (4c6d850f087da..., userDataDir: C:\Users\SRIKRI~1\AppData\L...}, goog:chromeOptions: {debuggerAddress: localhost:54226}, javascriptEnabled: true, networkConnectionEnabled: false, pageLoadStrategy: normal, platform: WINDOWS, platformName: WINDOWS, proxy: Proxy(), setWindowRect: true, strictFileInteractability: false, timeouts: {implicit: 0, pageLoad: 300000, script: 30000}, unhandledPromptBehavior: dismiss and notify, webauthn:extension:largeBlob: true, webauthn:virtualAuthenticators: true}
Session ID: 0ef37a018f4ef08f7a8fc4d9043fcd15
	at org.openqa.selenium.remote.http.W3CHttpResponseCodec.decode(W3CHttpResponseCodec.java:120)
	at org.openqa.selenium.remote.http.W3CHttpResponseCodec.decode(W3CHttpResponseCodec.java:49)
	at org.openqa.selenium.remote.HttpCommandExecutor.execute(HttpCommandExecutor.java:158)
	at org.openqa.selenium.remote.service.DriverCommandExecutor.execute(DriverCommandExecutor.java:83)
	at org.openqa.selenium.remote.RemoteWebDriver.execute(RemoteWebDriver.java:548)
	at org.openqa.selenium.remote.RemoteWebDriver.execute(RemoteWebDriver.java:605)
	at org.openqa.selenium.remote.RemoteWebDriver$RemoteWebDriverOptions$RemoteWindow.maximize(RemoteWebDriver.java:833)
	at constant.PBConstant.setUp(PBConstant.java:25)
... Removed 27 stack frames</div></td></tr></table><p class="totop"><a href="#summary">back to summary</a></p>
<h3 id="m5">driverFactory.HybridDriverScript#tearDown</h3><table class="result"><tr><th class="invisible"/></tr></table><p class="totop"><a href="#summary">back to summary</a></p>
<h3 id="m6">driverFactory.HybridDriverScript#startTest</h3><table class="result"><tr><th>Exception</th></tr><tr><td><div class="stacktrace">org.openqa.selenium.UnhandledAlertException: unexpected alert open: {Alert text : Connction failed try again}
  (Session info: chrome=90.0.4430.212): Connction failed try again
Build info: version: &apos;3.14.0&apos;, revision: &apos;aacccce0&apos;, time: &apos;2018-08-02T20:13:22.693Z&apos;
System info: host: &apos;DESKTOP-0TKTKJR&apos;, ip: &apos;192.168.1.3&apos;, os.name: &apos;Windows 10&apos;, os.arch: &apos;amd64&apos;, os.version: &apos;10.0&apos;, java.version: &apos;1.8.0_121&apos;
Driver info: org.openqa.selenium.chrome.ChromeDriver
Capabilities {acceptInsecureCerts: false, browserName: chrome, browserVersion: 90.0.4430.212, chrome: {chromedriverVersion: 90.0.4430.24 (4c6d850f087da..., userDataDir: C:\Users\SRIKRI~1\AppData\L...}, goog:chromeOptions: {debuggerAddress: localhost:54226}, javascriptEnabled: true, networkConnectionEnabled: false, pageLoadStrategy: normal, platform: WINDOWS, platformName: WINDOWS, proxy: Proxy(), setWindowRect: true, strictFileInteractability: false, timeouts: {implicit: 0, pageLoad: 300000, script: 30000}, unhandledPromptBehavior: dismiss and notify, webauthn:extension:largeBlob: true, webauthn:virtualAuthenticators: true}
Session ID: 0ef37a018f4ef08f7a8fc4d9043fcd15
	at org.openqa.selenium.remote.http.W3CHttpResponseCodec.decode(W3CHttpResponseCodec.java:120)
	at org.openqa.selenium.remote.http.W3CHttpResponseCodec.decode(W3CHttpResponseCodec.java:49)
	at org.openqa.selenium.remote.HttpCommandExecutor.execute(HttpCommandExecutor.java:158)
	at org.openqa.selenium.remote.service.DriverCommandExecutor.execute(DriverCommandExecutor.java:83)
	at org.openqa.selenium.remote.RemoteWebDriver.execute(RemoteWebDriver.java:548)
	at org.openqa.selenium.remote.RemoteWebDriver.execute(RemoteWebDriver.java:605)
	at org.openqa.selenium.remote.RemoteWebDriver$RemoteWebDriverOptions$RemoteWindow.maximize(RemoteWebDriver.java:833)
	at constant.PBConstant.setUp(PBConstant.java:25)
... Removed 27 stack frames</div></td></tr></table><p class="totop"><a href="#summary">back to summary</a></p>
</body>
</html>
